<?xml version="1.0" encoding="UTF-8"?>
<!-- Generated by org.testng.reporters.JUnitReportReporter -->
<testsuite skipped="0" hostname="DESKTOP-EPHFF6N" name="com.syntax.test.TestNGtest" tests="1" failures="0" timestamp="2020-05-23T15:41:31 PDT" time="0.010" errors="0">
  <testcase name="hello" time="0.010" classname="com.syntax.test.TestNGtest"/>
  <system-out/>
</testsuite> <!-- com.syntax.test.TestNGtest -->
